  [FASTTYPEGEN][MDRefreshSample] Building Fast Application Types
  MDRefreshSample.cpp
C:\Users\Finsol\Downloads\mfast\mfast\src\mfast\instructions\field_instruction.h(206,19): warning C4244: 'initializing': conversion from 'mfast::operator_enum_t' to 'uint16_t', possible loss of data
  (compiling source file 'MDRefreshSample.cpp')
  
C:\Users\Finsol\Downloads\mfast\mfast\src\mfast\instructions\field_instruction.h(209,21): warning C4244: 'initializing': conversion from 'mfast::presence_enum_t' to 'uint16_t', possible loss of data
  (compiling source file 'MDRefreshSample.cpp')
  
C:\Users\Finsol\Downloads\mfast\mfast\src\mfast\instructions\field_instruction.h(214,45): warning C4244: 'initializing': conversion from 'int' to 'uint16_t', possible loss of data
  (compiling source file 'MDRefreshSample.cpp')
  
C:\Users\Finsol\Downloads\mfast\mfast\src\mfast\decimal_ref.h(300,45): warning C4244: '=': conversion from 'int32_t' to 'int16_t', possible loss of data
  (compiling source file 'MDRefreshSample.cpp')
  
C:\Users\Finsol\Downloads\mfast\mfast\src\mfast\decimal_ref.h(364,51): warning C4244: '=': conversion from 'int' to 'int16_t', possible loss of data
  (compiling source file 'MDRefreshSample.cpp')
  
C:\Users\Finsol\Downloads\mfast\mfast\src\mfast\view_iterator.h(16,45): warning C4245: 'initializing': conversion from '__int64' to 'const uint64_t', signed/unsigned mismatch
  (compiling source file 'MDRefreshSample.cpp')
  
  message_printer.cpp
C:\Users\Finsol\Downloads\mfast\mfast\src\mfast\instructions\field_instruction.h(206,19): warning C4244: 'initializing': conversion from 'mfast::operator_enum_t' to 'uint16_t', possible loss of data
  (compiling source file '../../../examples/message_printer/message_printer.cpp')
  
C:\Users\Finsol\Downloads\mfast\mfast\src\mfast\instructions\field_instruction.h(209,21): warning C4244: 'initializing': conversion from 'mfast::presence_enum_t' to 'uint16_t', possible loss of data
  (compiling source file '../../../examples/message_printer/message_printer.cpp')
  
C:\Users\Finsol\Downloads\mfast\mfast\src\mfast\instructions\field_instruction.h(214,45): warning C4244: 'initializing': conversion from 'int' to 'uint16_t', possible loss of data
  (compiling source file '../../../examples/message_printer/message_printer.cpp')
  
C:\Users\Finsol\Downloads\mfast\mfast\src\mfast\decimal_ref.h(300,45): warning C4244: '=': conversion from 'int32_t' to 'int16_t', possible loss of data
  (compiling source file '../../../examples/message_printer/message_printer.cpp')
  
C:\Users\Finsol\Downloads\mfast\mfast\src\mfast\decimal_ref.h(364,51): warning C4244: '=': conversion from 'int' to 'int16_t', possible loss of data
  (compiling source file '../../../examples/message_printer/message_printer.cpp')
  
C:\Users\Finsol\Downloads\mfast\mfast\src\mfast\view_iterator.h(16,45): warning C4245: 'initializing': conversion from '__int64' to 'const uint64_t', signed/unsigned mismatch
  (compiling source file '../../../examples/message_printer/message_printer.cpp')
  
  Generating Code...
  message_printer.vcxproj -> C:\Users\Finsol\Downloads\mfast\mfast\build\examples\message_printer\Release\message_printer.exe
