  FastXMLVisitor.cpp
  field_builder.cpp
C:\Users\Finsol\Downloads\mfast\mfast\src\mfast\instructions\field_instruction.h(206,19): warning C4244: 'initializing': conversion from 'mfast::operator_enum_t' to 'uint16_t', possible loss of data
  (compiling source file '../../../../src/mfast/xml_parser/field_builder.cpp')
  
C:\Users\Finsol\Downloads\mfast\mfast\src\mfast\instructions\field_instruction.h(209,21): warning C4244: 'initializing': conversion from 'mfast::presence_enum_t' to 'uint16_t', possible loss of data
  (compiling source file '../../../../src/mfast/xml_parser/field_builder.cpp')
  
C:\Users\Finsol\Downloads\mfast\mfast\src\mfast\instructions\field_instruction.h(214,45): warning C4244: 'initializing': conversion from 'int' to 'uint16_t', possible loss of data
  (compiling source file '../../../../src/mfast/xml_parser/field_builder.cpp')
  
C:\Users\Finsol\Downloads\mfast\mfast\src\mfast\decimal_ref.h(300,45): warning C4244: '=': conversion from 'int32_t' to 'int16_t', possible loss of data
  (compiling source file '../../../../src/mfast/xml_parser/field_builder.cpp')
  
C:\Users\Finsol\Downloads\mfast\mfast\src\mfast\decimal_ref.h(364,51): warning C4244: '=': conversion from 'int' to 'int16_t', possible loss of data
  (compiling source file '../../../../src/mfast/xml_parser/field_builder.cpp')
  
C:\Users\Finsol\Downloads\mfast\mfast\src\mfast\view_iterator.h(16,45): warning C4245: 'initializing': conversion from '__int64' to 'const uint64_t', signed/unsigned mismatch
  (compiling source file '../../../../src/mfast/xml_parser/field_builder.cpp')
  
C:\Users\Finsol\Downloads\mfast\mfast\src\mfast\xml_parser\field_builder.cpp(657,37): warning C4457: declaration of 'inst' hides function parameter
      C:\Users\Finsol\Downloads\mfast\mfast\src\mfast\xml_parser\field_builder.cpp(651,67):
      see declaration of 'inst'
  
  field_op.cpp
C:\Users\Finsol\Downloads\mfast\mfast\src\mfast\instructions\field_instruction.h(206,19): warning C4244: 'initializing': conversion from 'mfast::operator_enum_t' to 'uint16_t', possible loss of data
  (compiling source file '../../../../src/mfast/xml_parser/field_op.cpp')
  
C:\Users\Finsol\Downloads\mfast\mfast\src\mfast\instructions\field_instruction.h(209,21): warning C4244: 'initializing': conversion from 'mfast::presence_enum_t' to 'uint16_t', possible loss of data
  (compiling source file '../../../../src/mfast/xml_parser/field_op.cpp')
  
C:\Users\Finsol\Downloads\mfast\mfast\src\mfast\instructions\field_instruction.h(214,45): warning C4244: 'initializing': conversion from 'int' to 'uint16_t', possible loss of data
  (compiling source file '../../../../src/mfast/xml_parser/field_op.cpp')
  
  templates_builder.cpp
C:\Users\Finsol\Downloads\mfast\mfast\src\mfast\instructions\field_instruction.h(206,19): warning C4244: 'initializing': conversion from 'mfast::operator_enum_t' to 'uint16_t', possible loss of data
  (compiling source file '../../../../src/mfast/xml_parser/templates_builder.cpp')
  
C:\Users\Finsol\Downloads\mfast\mfast\src\mfast\instructions\field_instruction.h(209,21): warning C4244: 'initializing': conversion from 'mfast::presence_enum_t' to 'uint16_t', possible loss of data
  (compiling source file '../../../../src/mfast/xml_parser/templates_builder.cpp')
  
C:\Users\Finsol\Downloads\mfast\mfast\src\mfast\instructions\field_instruction.h(214,45): warning C4244: 'initializing': conversion from 'int' to 'uint16_t', possible loss of data
  (compiling source file '../../../../src/mfast/xml_parser/templates_builder.cpp')
  
C:\Users\Finsol\Downloads\mfast\mfast\src\mfast\decimal_ref.h(300,45): warning C4244: '=': conversion from 'int32_t' to 'int16_t', possible loss of data
  (compiling source file '../../../../src/mfast/xml_parser/templates_builder.cpp')
  
C:\Users\Finsol\Downloads\mfast\mfast\src\mfast\decimal_ref.h(364,51): warning C4244: '=': conversion from 'int' to 'int16_t', possible loss of data
  (compiling source file '../../../../src/mfast/xml_parser/templates_builder.cpp')
  
C:\Users\Finsol\Downloads\mfast\mfast\src\mfast\view_iterator.h(16,45): warning C4245: 'initializing': conversion from '__int64' to 'const uint64_t', signed/unsigned mismatch
  (compiling source file '../../../../src/mfast/xml_parser/templates_builder.cpp')
  
  view_info_builder.cpp
C:\Users\Finsol\Downloads\mfast\mfast\src\mfast\instructions\field_instruction.h(206,19): warning C4244: 'initializing': conversion from 'mfast::operator_enum_t' to 'uint16_t', possible loss of data
  (compiling source file '../../../../src/mfast/xml_parser/view_info_builder.cpp')
  
C:\Users\Finsol\Downloads\mfast\mfast\src\mfast\instructions\field_instruction.h(209,21): warning C4244: 'initializing': conversion from 'mfast::presence_enum_t' to 'uint16_t', possible loss of data
  (compiling source file '../../../../src/mfast/xml_parser/view_info_builder.cpp')
  
C:\Users\Finsol\Downloads\mfast\mfast\src\mfast\instructions\field_instruction.h(214,45): warning C4244: 'initializing': conversion from 'int' to 'uint16_t', possible loss of data
  (compiling source file '../../../../src/mfast/xml_parser/view_info_builder.cpp')
  
C:\Users\Finsol\Downloads\mfast\mfast\src\mfast\decimal_ref.h(300,45): warning C4244: '=': conversion from 'int32_t' to 'int16_t', possible loss of data
  (compiling source file '../../../../src/mfast/xml_parser/view_info_builder.cpp')
  
C:\Users\Finsol\Downloads\mfast\mfast\src\mfast\decimal_ref.h(364,51): warning C4244: '=': conversion from 'int' to 'int16_t', possible loss of data
  (compiling source file '../../../../src/mfast/xml_parser/view_info_builder.cpp')
  
C:\Users\Finsol\Downloads\mfast\mfast\src\mfast\view_iterator.h(16,45): warning C4245: 'initializing': conversion from '__int64' to 'const uint64_t', signed/unsigned mismatch
  (compiling source file '../../../../src/mfast/xml_parser/view_info_builder.cpp')
  
  Generating Code...
  mfast_xml_parser_static.vcxproj -> C:\Users\Finsol\Downloads\mfast\mfast\build\src\mfast\xml_parser\Release\mfast_xml_parser_static.lib
